
OpenVG Conformance Test
version 1.1 RC12 (13th December 2010)

[Setup Report]
    Verbose level = 2.
    VGU Test = Yes

[EGL Report]
    Total EGL Config  = 1
    Conformant Config = 1

Config : #1, sRGB_NONPRE, RGB(888), A(8), L(0), M(8)
Generation Report
        A10101_Ans......dat .......... Done
        A10102_0000 may encounter error .......... Failed
        A20101_Ans......dat .......... Done
        A20201_Ans......dat .......... Done
        A20301_Ans......dat .......... Done
        A30101_Ans......dat .......... Done
        A30201_Ans......dat .......... Done
        A30301_0000 may encounter error .......... Failed
        A40101_Ans......dat .......... Done
        A40102_Ans......dat .......... Done
    [A] Group Test Result Generation Failed.
        B10101_Ans......tga .......... Done
        B10102_Ans......tga .......... Done
        B10103_Ans......tga .......... Done
        B10104_Ans......tga .......... Done
        B10105_Ans......dat .......... Done
        B10106_0000_Ans.tga .......... Done
        B10106_0001_Ans.tga .......... Done
        B10108_Ans......tga .......... Done
        B10109_0000_Ans.tga .......... Done
        B10109_0001_Ans.tga .......... Done
        B10109_0002_Ans.tga .......... Done
        B10109_0003_Ans.tga .......... Done
        B10109_0004_Ans.tga .......... Done
        B10109_0005_Ans.tga .......... Done
        B10109_0006_Ans.tga .......... Done
        B10109_0007_Ans.tga .......... Done
    [B] Group Test Result Generation Succeeded.
        C10101_Ans......dat .......... Done
        C10201_Ans......dat .......... Done
        C10202_Ans......dat .......... Done
        C10203_Ans......dat .......... Done
        C10301_Ans......dat .......... Done
        C10401_Ans......dat .......... Done
        C10402_Ans......dat .......... Done
        C10403_Ans......dat .......... Done
        C10501_Ans......dat .......... Done
        C10601_Ans......dat .......... Done
        C10701_Ans......dat .......... Done
        C10801_Ans......dat .......... Done
        C10802_Ans......tga .......... Done
        C20101_Ans......dat .......... Done
    [C] Group Test Result Generation Succeeded.
        D10101_Ans......tga .......... Done
        D10201_Ans......tga .......... Done
        D10301_Ans......tga .......... Done
    [D] Group Test Result Generation Succeeded.
        E10101_Ans......tga .......... Done
        E10102_Ans......tga .......... Done
        E10103_Ans......tga .......... Done
        E10104_Ans......tga .......... Done
        E10201_Ans......tga .......... Done
        E10301_Ans......tga .......... Done
        E10302_Ans......tga .......... Done
    [E] Group Test Result Generation Succeeded.
        F10101_Ans......tga .......... Done
        F10201_Ans......tga .......... Done
        F10202_Ans......tga .......... Done
        F10203_Ans......tga .......... Done
        F10204_Ans......tga .......... Done
        F20101_Ans......dat .......... Done
        F20103_Ans......tga .......... Done
        F20104_0000_Ans.tga .......... Done
        F20104_0001_Ans.tga .......... Done
        F20104_0002_Ans.tga .......... Done
        F20104_0003_Ans.tga .......... Done
        F20104_0004_Ans.tga .......... Done
        F20104_0005_Ans.tga .......... Done
        F20104_0006_Ans.tga .......... Done
        F20104_0007_Ans.tga .......... Done
        F20104_0008_Ans.tga .......... Done
        F20104_0009_Ans.tga .......... Done
        F20104_0010_Ans.tga .......... Done
        F20104_0011_Ans.tga .......... Done
        F20104_0012_Ans.tga .......... Done
        F20104_0013_Ans.tga .......... Done
        F20104_0014_Ans.tga .......... Done
        F20104_0015_Ans.tga .......... Done
        F20104_0016_Ans.tga .......... Done
        F20104_0017_Ans.tga .......... Done
        F20105_Ans......tga .......... Done
        F20106_Ans......tga .......... Done
        F20107_0000_Ans.tga .......... Done
        F20107_0001_Ans.tga .......... Done
        F20107_0002_Ans.tga .......... Done
        F20107_0003_Ans.tga .......... Done
        F20107_0004_Ans.tga .......... Done
        F20107_0005_Ans.tga .......... Done
        F20107_0006_Ans.tga .......... Done
        F20107_0007_Ans.tga .......... Done
        F20107_0008_Ans.tga .......... Done
        F20107_0009_Ans.tga .......... Done
        F20107_0010_Ans.tga .......... Done
        F20107_0011_Ans.tga .......... Done
        F20107_0012_Ans.tga .......... Done
        F20107_0013_Ans.tga .......... Done
        F20107_0014_Ans.tga .......... Done
        F20107_0015_Ans.tga .......... Done
        F20107_0016_Ans.tga .......... Done
        F20107_0017_Ans.tga .......... Done
        F20107_0018_Ans.tga .......... Done
        F20107_0019_Ans.tga .......... Done
        F20107_0020_Ans.tga .......... Done
        F20107_0021_Ans.tga .......... Done
        F20107_0022_Ans.tga .......... Done
        F20107_0023_Ans.tga .......... Done
    [F] Group Test Result Generation Succeeded.
        G10101_Ans......tga .......... Done
        G10102_Ans......tga .......... Done
        G10103_Ans......tga .......... Done
        G10201_Ans......tga .......... Done
        G10202_Ans......tga .......... Done
        G10203_Ans......tga .......... Done
        G10204_Ans......tga .......... Done
        G10205_Ans......tga .......... Done
        G10206_Ans......tga .......... Done
        G10301_Ans......tga .......... Done
        G10302_Ans......tga .......... Done
        G10303_Ans......tga .......... Done
        G10304_Ans......tga .......... Done
        G20101_Ans......tga .......... Done
        G20102_Ans......dat .......... Done
        G20201_Ans......tga .......... Done
        G20301_Ans......tga .......... Done
        G20302_Ans......tga .......... Done
        G20303_Ans......tga .......... Done
        G20304_Ans......tga .......... Done
        G20401_Ans......tga .......... Done
        G20402_Ans......tga .......... Done
        G20501_Ans......tga .......... Done
        G20502_Ans......tga .......... Done
        G20503_0000_Ans.tga .......... Done
        G20503_0001_Ans.tga .......... Done
        G20503_0002_Ans.tga .......... Done
        G20503_0003_Ans.tga .......... Done
        G20601_Ans......tga .......... Done
        G20602_Ans......tga .......... Done
        G20603_Ans......tga .......... Done
        G20604_Ans......tga .......... Done
        G20605_Ans......tga .......... Done
        G20606_Ans......tga .......... Done
        G20607_Ans......tga .......... Done
        G20608_Ans......tga .......... Done
        G20609_Ans......tga .......... Done
        G20610_Ans......tga .......... Done
        G20701_0000 may encounter error .......... Failed
        G20702_0000 may encounter error .......... Failed
        G20703_0000 may encounter error .......... Failed
        G20704_0000 may encounter error .......... Failed
        G20801_0000 may encounter error .......... Failed
        G20802_0000 may encounter error .......... Failed
        G20803_0000 may encounter error .......... Failed
        G20804_0000 may encounter error .......... Failed
        G20901_0000 may encounter error .......... Failed
        G20902_0000 may encounter error .......... Failed
        G20903_0000 may encounter error .......... Failed
        G20904_0000 may encounter error .......... Failed
        G21001_0000 may encounter error .......... Failed
        G21001_0001 may encounter error .......... Failed
        G21001_0002 may encounter error .......... Failed
        G21002_0000 may encounter error .......... Failed
        G21003_0000 may encounter error .......... Failed
        G21004_0000 may encounter error .......... Failed
        G30101_Ans......tga .......... Done
        G30102_Ans......dat .......... Done
        G30103_Ans......tga .......... Done
        G30104_Ans......tga .......... Done
        G30106_Ans......tga .......... Done
        G30107_Ans......tga .......... Done
        G30108_Ans......tga .......... Done
        G30110_Ans......tga .......... Done
        G30111_Ans......tga .......... Done
        G30112_Ans......tga .......... Done
        G30114_Ans......tga .......... Done
        G30115_Ans......tga .......... Done
        G30116_Ans......tga .......... Done
        G30117_Ans......tga .......... Done
        G30118_Ans......tga .......... Done
        G30119_Ans......tga .......... Done
        G30120_Ans......tga .......... Done
        G30122_Ans......tga .......... Done
        G30123_Ans......tga .......... Done
        G30124_Ans......tga .......... Done
        G30125_Ans......tga .......... Done
        G30126_Ans......tga .......... Done
        G30127_Ans......tga .......... Done
        G30128_Ans......tga .......... Done
        G30201_Ans......tga .......... Done
        G30203_Ans......tga .......... Done
        G30204_Ans......tga .......... Done
        G30205_Ans......tga .......... Done
        G30206_Ans......tga .......... Done
        G30207_Ans......tga .......... Done
        G30208_Ans......tga .......... Done
        G30209_Ans......tga .......... Done
        G30210_Ans......tga .......... Done
        G30211_Ans......tga .......... Done
        G30212_Ans......tga .......... Done
        G30213_Ans......tga .......... Done
        G30214_Ans......tga .......... Done
        G30215_Ans......tga .......... Done
        G30216_Ans......tga .......... Done
        G30217_Ans......tga .......... Done
        G30218_Ans......tga .......... Done
        G30219_Ans......tga .......... Done
        G30220_Ans......tga .......... Done
        G30221_Ans......tga .......... Done
        G30222_Ans......tga .......... Done
        G30223_Ans......tga .......... Done
        G30224_Ans......tga .......... Done
        G30225_Ans......tga .......... Done
        G30226_Ans......tga .......... Done
        G30228_0000_Ans.tga .......... Done
        G30228_0001_Ans.tga .......... Done
        G30228_0002_Ans.tga .......... Done
        G30228_0003_Ans.tga .......... Done
        G30228_0004_Ans.tga .......... Done
        G30228_0005_Ans.tga .......... Done
        G30228_0006_Ans.tga .......... Done
        G30228_0007_Ans.tga .......... Done
        G30228_0008_Ans.tga .......... Done
        G30228_0009_Ans.tga .......... Done
        G30228_0010_Ans.tga .......... Done
        G30228_0011_Ans.tga .......... Done
        G30228_0012_Ans.tga .......... Done
        G30228_0013_Ans.tga .......... Done
        G30228_0014_Ans.tga .......... Done
        G30228_0015_Ans.tga .......... Done
        G30228_0016_Ans.tga .......... Done
        G30228_0017_Ans.tga .......... Done
        G30228_0018_Ans.tga .......... Done
        G30228_0019_Ans.tga .......... Done
        G30228_0020_Ans.tga .......... Done
        G30228_0021_Ans.tga .......... Done
        G30228_0022_Ans.tga .......... Done
        G30228_0023_Ans.tga .......... Done
        G30228_0024_Ans.tga .......... Done
        G30228_0025_Ans.tga .......... Done
        G30228_0026_Ans.tga .......... Done
        G30228_0027_Ans.tga .......... Done
        G30228_0028_Ans.tga .......... Done
        G30228_0029_Ans.tga .......... Done
        G30229_Ans......tga .......... Done
        G30230_Ans......tga .......... Done
        G30231_Ans......tga .......... Done
        G30232_Ans......tga .......... Done
        G30233_Ans......tga .......... Done
        G30234_Ans......tga .......... Done
        G30235_Ans......tga .......... Done
        G30236_0000_Ans.tga .......... Done
        G30236_0001_Ans.tga .......... Done
        G30236_0002_Ans.tga .......... Done
        G30236_0003_Ans.tga .......... Done
        G30237_Ans......tga .......... Done
        G30238_Ans......tga .......... Done
        G30239_Ans......tga .......... Done
        G30240_Ans......tga .......... Done
        G30241_Ans......tga .......... Done
        G30242_Ans......tga .......... Done
        G30243_Ans......tga .......... Done
        G30244_Ans......tga .......... Done
        G30245_Ans......tga .......... Done
        G30246_Ans......tga .......... Done
        G30247_Ans......tga .......... Done
        G30248_Ans......tga .......... Done
        G30249_Ans......tga .......... Done
        G30250_Ans......tga .......... Done
        G30251_0000_Ans.tga .......... Done
        G30251_0001_Ans.tga .......... Done
        G30251_0002_Ans.tga .......... Done
        G30251_0003_Ans.tga .......... Done
        G30252_0000_Ans.tga .......... Done
        G30252_0001_Ans.tga .......... Done
        G30252_0002_Ans.tga .......... Done
        G30252_0003_Ans.tga .......... Done
        G30253_0000_Ans.tga .......... Done
        G30253_0001_Ans.tga .......... Done
        G30253_0002_Ans.tga .......... Done
        G30253_0003_Ans.tga .......... Done
        G30254_Ans......tga .......... Done
        G30255_Ans......tga .......... Done
        G30256_Ans......tga .......... Done
        G30257_Ans......tga .......... Done
        G30258_Ans......tga .......... Done
        G30259_Ans......tga .......... Done
        G30260_Ans......tga .......... Done
        G30261_0000_Ans.tga .......... Done
        G30261_0001_Ans.tga .......... Done
        G30261_0002_Ans.tga .......... Done
        G30261_0003_Ans.tga .......... Done
        G30262_Ans......tga .......... Done
        G30263_Ans......tga .......... Done
        G30264_Ans......tga .......... Done
        G30265_Ans......tga .......... Done
        G30266_Ans......tga .......... Done
        G30267_Ans......tga .......... Done
        G30268_Ans......tga .......... Done
        G30269_Ans......tga .......... Done
        G30270_Ans......tga .......... Done
        G30271_Ans......tga .......... Done
        G30272_Ans......tga .......... Done
        G30273_Ans......tga .......... Done
        G30274_Ans......tga .......... Done
        G30275_Ans......tga .......... Done
        G30276_Ans......tga .......... Done
        G30277_Ans......tga .......... Done
        G30278_Ans......tga .......... Done
        G30279_Ans......tga .......... Done
        G30301_Ans......tga .......... Done
        G30302_Ans......tga .......... Done
        G30303_Ans......tga .......... Done
        G30304_Ans......tga .......... Done
        G30305_Ans......tga .......... Done
        G30306_Ans......tga .......... Done
        G30307_Ans......tga .......... Done
        G30308_Ans......tga .......... Done
        G30309_Ans......tga .......... Done
        G40101_Ans......tga .......... Done
        G40102_Ans......tga .......... Done
        G40103_Ans......tga .......... Done
        G50101_Ans......tga .......... Done
        G50102_Ans......tga .......... Done
        G50103_Ans......tga .......... Done
        G50104_Ans......tga .......... Done
        G50105_Ans......tga .......... Done
        G50106_Ans......tga .......... Done
        G50107_Ans......tga .......... Done
        G50108_Ans......tga .......... Done
        G50109_Ans......tga .......... Done
        G50110_Ans......tga .......... Done
        G50111_Ans......tga .......... Done
        G50112_Ans......tga .......... Done
        G50113_Ans......tga .......... Done
        G60101_0000_Ans.tga .......... Done
        G60101_0001_Ans.tga .......... Done
        G60101_0002_Ans.tga .......... Done
        G60101_0003_Ans.tga .......... Done
        G60101_0004_Ans.tga .......... Done
        G60101_0005_Ans.tga .......... Done
        G60101_0006_Ans.tga .......... Done
        G60101_0007_Ans.tga .......... Done
        G60101_0008_Ans.tga .......... Done
        G60101_0009_Ans.tga .......... Done
        G60101_0010_Ans.tga .......... Done
        G60101_0011_Ans.tga .......... Done
        G60101_0012_Ans.tga .......... Done
        G60101_0013_Ans.tga .......... Done
        G60101_0014_Ans.tga .......... Done
        G60101_0015_Ans.tga .......... Done
        G60101_0016_Ans.tga .......... Done
        G60101_0017_Ans.tga .......... Done
        G60101_0018_Ans.tga .......... Done
        G60101_0019_Ans.tga .......... Done
        G60101_0020_Ans.tga .......... Done
        G60101_0021_Ans.tga .......... Done
        G60101_0022_Ans.tga .......... Done
        G60101_0023_Ans.tga .......... Done
        G60101_0024_Ans.tga .......... Done
        G60101_0025_Ans.tga .......... Done
        G60101_0026_Ans.tga .......... Done
        G60101_0027_Ans.tga .......... Done
        G60101_0028_Ans.tga .......... Done
        G60101_0029_Ans.tga .......... Done
        G60101_0030_Ans.tga .......... Done
        G60101_0031_Ans.tga .......... Done
        G60101_0032_Ans.tga .......... Done
        G60101_0033_Ans.tga .......... Done
        G60101_0034_Ans.tga .......... Done
        G60101_0035_Ans.tga .......... Done
        G60101_0036_Ans.tga .......... Done
        G60101_0037_Ans.tga .......... Done
        G60101_0038_Ans.tga .......... Done
        G60101_0039_Ans.tga .......... Done
        G60101_0040_Ans.tga .......... Done
        G60101_0041_Ans.tga .......... Done
        G60101_0042_Ans.tga .......... Done
        G60101_0043_Ans.tga .......... Done
        G60101_0044_Ans.tga .......... Done
        G60101_0045_Ans.tga .......... Done
        G60101_0046_Ans.tga .......... Done
        G60101_0047_Ans.tga .......... Done
        G60101_0048_Ans.tga .......... Done
        G60101_0049_Ans.tga .......... Done
        G60101_0050_Ans.tga .......... Done
        G60101_0051_Ans.tga .......... Done
        G60101_0052_Ans.tga .......... Done
        G60101_0053_Ans.tga .......... Done
        G60101_0054_Ans.tga .......... Done
        G60101_0055_Ans.tga .......... Done
        G60101_0056_Ans.tga .......... Done
        G60101_0057_Ans.tga .......... Done
        G60101_0058_Ans.tga .......... Done
        G60101_0059_Ans.tga .......... Done
        G60101_0060_Ans.tga .......... Done
        G60101_0061_Ans.tga .......... Done
        G60101_0062_Ans.tga .......... Done
        G60101_0063_Ans.tga .......... Done
        G60101_0064_Ans.tga .......... Done
        G60101_0065_Ans.tga .......... Done
        G60101_0066_Ans.tga .......... Done
        G60101_0067_Ans.tga .......... Done
        G60101_0068_Ans.tga .......... Done
        G60101_0069_Ans.tga .......... Done
        G60101_0070_Ans.tga .......... Done
        G60101_0071_Ans.tga .......... Done
        G60101_0072_Ans.tga .......... Done
        G60101_0073_Ans.tga .......... Done
        G60101_0074_Ans.tga .......... Done
        G60101_0075_Ans.tga .......... Done
        G60101_0076_Ans.tga .......... Done
        G60101_0077_Ans.tga .......... Done
        G60101_0078_Ans.tga .......... Done
        G60101_0079_Ans.tga .......... Done
        G60101_0080_Ans.tga .......... Done
        G60101_0081_Ans.tga .......... Done
        G60101_0082_Ans.tga .......... Done
        G60101_0083_Ans.tga .......... Done
        G60101_0084_Ans.tga .......... Done
        G60101_0085_Ans.tga .......... Done
        G60101_0086_Ans.tga .......... Done
        G60101_0087_Ans.tga .......... Done
        G60101_0088_Ans.tga .......... Done
        G60101_0089_Ans.tga .......... Done
        G60101_0090_Ans.tga .......... Done
        G60101_0091_Ans.tga .......... Done
        G60101_0092_Ans.tga .......... Done
        G60101_0093_Ans.tga .......... Done
        G60101_0094_Ans.tga .......... Done
        G60101_0095_Ans.tga .......... Done
        G60101_0096_Ans.tga .......... Done
        G60101_0097_Ans.tga .......... Done
        G60101_0098_Ans.tga .......... Done
        G60101_0099_Ans.tga .......... Done
        G60101_0100_Ans.tga .......... Done
        G60101_0101_Ans.tga .......... Done
        G60101_0102_Ans.tga .......... Done
        G60101_0103_Ans.tga .......... Done
        G60101_0104_Ans.tga .......... Done
        G60101_0105_Ans.tga .......... Done
        G60101_0106_Ans.tga .......... Done
        G60101_0107_Ans.tga .......... Done
        G60101_0108_Ans.tga .......... Done
        G60101_0109_Ans.tga .......... Done
        G60101_0110_Ans.tga .......... Done
        G60101_0111_Ans.tga .......... Done
        G60101_0112_Ans.tga .......... Done
        G60101_0113_Ans.tga .......... Done
        G60101_0114_Ans.tga .......... Done
        G60101_0115_Ans.tga .......... Done
        G60101_0116_Ans.tga .......... Done
        G60101_0117_Ans.tga .......... Done
        G60101_0118_Ans.tga .......... Done
        G60101_0119_Ans.tga .......... Done
        G60101_0120_Ans.tga .......... Done
        G70101_0000_Ans.tga .......... Done
        G70101_0001_Ans.tga .......... Done
        G70101_0002_Ans.tga .......... Done
        G70101_0003_Ans.tga .......... Done
        G70101_0004_Ans.tga .......... Done
        G70101_0005_Ans.tga .......... Done
        G70101_0006_Ans.tga .......... Done
        G70101_0007_Ans.tga .......... Done
        G70101_0008_Ans.tga .......... Done
        G70101_0009_Ans.tga .......... Done
        G70101_0010_Ans.tga .......... Done
        G70101_0011_Ans.tga .......... Done
        G70102_0000_Ans.tga .......... Done
        G70102_0001_Ans.tga .......... Done
        G70102_0002_Ans.tga .......... Done
        G70102_0003_Ans.tga .......... Done
        G70102_0004_Ans.tga .......... Done
        G70102_0005_Ans.tga .......... Done
        G70102_0006_Ans.tga .......... Done
        G70102_0007_Ans.tga .......... Done
        G70102_0008_Ans.tga .......... Done
        G70102_0009_Ans.tga .......... Done
        G70102_0010_Ans.tga .......... Done
        G70102_0011_Ans.tga .......... Done
        G70102_0012_Ans.tga .......... Done
        G70102_0013_Ans.tga .......... Done
        G70102_0014_Ans.tga .......... Done
        G70102_0015_Ans.tga .......... Done
        G70102_0016_Ans.tga .......... Done
        G70102_0017_Ans.tga .......... Done
        G70103_0000_Ans.tga .......... Done
        G70103_0001_Ans.tga .......... Done
        G70103_0002_Ans.tga .......... Done
        G70103_0003_Ans.tga .......... Done
        G70103_0004_Ans.tga .......... Done
        G70103_0005_Ans.tga .......... Done
        G70103_0006_Ans.tga .......... Done
        G70103_0007_Ans.tga .......... Done
        G70103_0008_Ans.tga .......... Done
        G70104_0000 may encounter error .......... Failed
        G70104_0001 may encounter error .......... Failed
        G70104_0002 may encounter error .......... Failed
        G70104_0003 may encounter error .......... Failed
        G70104_0004 may encounter error .......... Failed
        G70104_0005 may encounter error .......... Failed
        G70105_0000 may encounter error .......... Failed
        G70105_0001 may encounter error .......... Failed
        G70105_0002 may encounter error .......... Failed
        G70105_0003 may encounter error .......... Failed
        G70106_0000_Ans.tga .......... Done
        G70106_0001_Ans.tga .......... Done
        G70106_0002_Ans.tga .......... Done
        G70106_0003_Ans.tga .......... Done
        G70107_Ans......tga .......... Done
        G70108_0000_Ans.tga .......... Done
        G70108_0001_Ans.tga .......... Done
        G70108_0002_Ans.tga .......... Done
        G70108_0003_Ans.tga .......... Done
        G70109_Ans......dat .......... Done
    [G] Group Test Result Generation Failed.
        H10101_Ans......tga .......... Done
        H10201_Ans......dat .......... Done
        H10202_Ans......tga .......... Done
        H10203_Ans......tga .......... Done
        H10301_Ans......tga .......... Done
        H10302_Ans......tga .......... Done
        H10316_0000_Ans.tga .......... Done
        H10316_0001_Ans.tga .......... Done
        H10316_0002_Ans.tga .......... Done
        H10317_Ans......tga .......... Done
        H10318_Ans......tga .......... Done
        H10319_Ans......tga .......... Done
        H10320_Ans......tga .......... Done
        H10321_Ans......tga .......... Done
        H10322_Ans......tga .......... Done
        H10323_Ans......tga .......... Done
        H10324_Ans......tga .......... Done
        H10325_Ans......tga .......... Done
        H10326_Ans......tga .......... Done
        H10327_Ans......tga .......... Done
        H10328_Ans......tga .......... Done
        H10329_Ans......tga .......... Done
        H10330_Ans......tga .......... Done
        H10331_0000_Ans.tga .......... Done
        H10331_0001_Ans.tga .......... Done
        H10331_0002_Ans.tga .......... Done
        H10331_0003_Ans.tga .......... Done
        H10331_0004_Ans.tga .......... Done
        H10331_0005_Ans.tga .......... Done
        H10331_0006_Ans.tga .......... Done
        H10331_0007_Ans.tga .......... Done
        H10331_0008_Ans.tga .......... Done
        H10331_0009_Ans.tga .......... Done
        H10331_0010_Ans.tga .......... Done
        H10331_0011_Ans.tga .......... Done
        H10331_0012_Ans.tga .......... Done
        H10331_0013_Ans.tga .......... Done
        H10331_0014_Ans.tga .......... Done
        H10331_0015_Ans.tga .......... Done
        H10331_0016_Ans.tga .......... Done
        H10331_0017_Ans.tga .......... Done
        H10331_0018_Ans.tga .......... Done
        H10331_0019_Ans.tga .......... Done
        H10331_0020_Ans.tga .......... Done
        H10331_0021_Ans.tga .......... Done
        H10331_0022_Ans.tga .......... Done
        H10331_0023_Ans.tga .......... Done
        H10331_0024_Ans.tga .......... Done
        H10331_0025_Ans.tga .......... Done
        H10331_0026_Ans.tga .......... Done
        H10331_0027_Ans.tga .......... Done
        H10331_0028_Ans.tga .......... Done
        H10331_0029_Ans.tga .......... Done
        H10331_0030_Ans.tga .......... Done
        H10331_0031_Ans.tga .......... Done
        H10331_0032_Ans.tga .......... Done
        H10331_0033_Ans.tga .......... Done
        H10331_0034_Ans.tga .......... Done
        H10331_0035_Ans.tga .......... Done
        H10331_0036_Ans.tga .......... Done
        H10331_0037_Ans.tga .......... Done
        H10331_0038_Ans.tga .......... Done
        H10401_Ans......tga .......... Done
        H10402_Ans......tga .......... Done
        H10403_Ans......tga .......... Done
        H10501_Ans......tga .......... Done
        H10601_Ans......tga .......... Done
        H10701_Ans......tga .......... Done
        H10702_Ans......tga .......... Done
        H10801_Ans......tga .......... Done
        H10901_Ans......tga .......... Done
        H10902_Ans......tga .......... Done
        H20101_Ans......tga .......... Done
        H30101_0000_Ans.tga .......... Done
        H30101_0001_Ans.tga .......... Done
        H30101_0002_Ans.tga .......... Done
        H30101_0003_Ans.tga .......... Done
        H30101_0004_Ans.tga .......... Done
        H30101_0005_Ans.tga .......... Done
        H30101_0006_Ans.tga .......... Done
        H30101_0007_Ans.tga .......... Done
        H30101_0008_Ans.tga .......... Done
        H30101_0009_Ans.tga .......... Done
        H30101_0010_Ans.tga .......... Done
        H30101_0011_Ans.tga .......... Done
        H30101_0012_Ans.tga .......... Done
        H30101_0013_Ans.tga .......... Done
        H30101_0014_Ans.tga .......... Done
        H30101_0015_Ans.tga .......... Done
        H30101_0016_Ans.tga .......... Done
        H30101_0017_Ans.tga .......... Done
